<?xml version="1.0" encoding="UTF-8"?>
<coverage generated="1519998781328" clover="3.2.0">
  <project timestamp="1519998781328" name="All files">
    <metrics statements="97" coveredstatements="32" conditionals="22" coveredconditionals="5" methods="37" coveredmethods="10" elements="156" coveredelements="47" complexity="0" loc="97" ncloc="97" packages="3" files="11" classes="11">
      <package name="src">
        <metrics statements="54" coveredstatements="16" conditionals="8" coveredconditionals="2" methods="21" coveredmethods="6"/>
        <file name="App.js" path="/home/sebaseba/bloglist-frontend/src/App.js">
          <metrics statements="44" coveredstatements="11" conditionals="4" coveredconditionals="2" methods="18" coveredmethods="5"/>
          <line num="12" count="1" type="stmt"/>
          <line num="13" count="1" type="stmt"/>
          <line num="28" count="1" type="stmt"/>
          <line num="29" count="1" type="stmt"/>
          <line num="32" count="1" type="stmt"/>
          <line num="33" count="1" type="cond" truecount="1" falsecount="1"/>
          <line num="34" count="0" type="stmt"/>
          <line num="35" count="0" type="stmt"/>
          <line num="40" count="0" type="stmt"/>
          <line num="41" count="0" type="stmt"/>
          <line num="42" count="0" type="stmt"/>
          <line num="46" count="0" type="stmt"/>
          <line num="47" count="0" type="stmt"/>
          <line num="49" count="0" type="stmt"/>
          <line num="51" count="0" type="stmt"/>
          <line num="57" count="0" type="stmt"/>
          <line num="58" count="0" type="stmt"/>
          <line num="59" count="0" type="stmt"/>
          <line num="62" count="0" type="stmt"/>
          <line num="63" count="0" type="stmt"/>
          <line num="64" count="0" type="stmt"/>
          <line num="70" count="0" type="stmt"/>
          <line num="71" count="0" type="stmt"/>
          <line num="74" count="0" type="stmt"/>
          <line num="76" count="0" type="stmt"/>
          <line num="77" count="0" type="stmt"/>
          <line num="78" count="0" type="stmt"/>
          <line num="83" count="0" type="stmt"/>
          <line num="89" count="0" type="stmt"/>
          <line num="95" count="0" type="stmt"/>
          <line num="97" count="0" type="stmt"/>
          <line num="103" count="0" type="stmt"/>
          <line num="104" count="0" type="stmt"/>
          <line num="112" count="0" type="stmt"/>
          <line num="113" count="0" type="stmt"/>
          <line num="114" count="0" type="stmt"/>
          <line num="120" count="2" type="stmt"/>
          <line num="121" count="2" type="stmt"/>
          <line num="131" count="2" type="stmt"/>
          <line num="132" count="0" type="stmt"/>
          <line num="145" count="2" type="stmt"/>
          <line num="146" count="0" type="stmt"/>
          <line num="153" count="0" type="stmt"/>
          <line num="160" count="2" type="stmt"/>
        </file>
        <file name="index.js" path="/home/sebaseba/bloglist-frontend/src/index.js">
          <metrics statements="4" coveredstatements="0" conditionals="4" coveredconditionals="0" methods="1" coveredmethods="0"/>
          <line num="1" count="0" type="stmt"/>
          <line num="2" count="0" type="stmt"/>
          <line num="3" count="0" type="cond" truecount="0" falsecount="4"/>
          <line num="5" count="0" type="stmt"/>
        </file>
        <file name="setupTests.js" path="/home/sebaseba/bloglist-frontend/src/setupTests.js">
          <metrics statements="6" coveredstatements="5" conditionals="0" coveredconditionals="0" methods="2" coveredmethods="1"/>
          <line num="4" count="2" type="stmt"/>
          <line num="6" count="2" type="stmt"/>
          <line num="8" count="2" type="stmt"/>
          <line num="10" count="0" type="stmt"/>
          <line num="12" count="1" type="stmt"/>
          <line num="16" count="2" type="stmt"/>
        </file>
      </package>
      <package name="src.components">
        <metrics statements="25" coveredstatements="14" conditionals="10" coveredconditionals="3" methods="10" coveredmethods="4"/>
        <file name="Blog.js" path="/home/sebaseba/bloglist-frontend/src/components/Blog.js">
          <metrics statements="3" coveredstatements="1" conditionals="0" coveredconditionals="0" methods="1" coveredmethods="0"/>
          <line num="2" count="1" type="stmt"/>
          <line num="3" count="0" type="stmt"/>
          <line num="11" count="0" type="stmt"/>
        </file>
        <file name="LoginForm.js" path="/home/sebaseba/bloglist-frontend/src/components/LoginForm.js">
          <metrics statements="3" coveredstatements="3" conditionals="0" coveredconditionals="0" methods="1" coveredmethods="1"/>
          <line num="4" count="1" type="stmt"/>
          <line num="5" count="2" type="stmt"/>
          <line num="34" count="1" type="stmt"/>
        </file>
        <file name="Notification.js" path="/home/sebaseba/bloglist-frontend/src/components/Notification.js">
          <metrics statements="4" coveredstatements="3" conditionals="2" coveredconditionals="1" methods="1" coveredmethods="1"/>
          <line num="3" count="1" type="stmt"/>
          <line num="4" count="4" type="cond" truecount="1" falsecount="1"/>
          <line num="5" count="4" type="stmt"/>
          <line num="7" count="0" type="stmt"/>
        </file>
        <file name="SimpleBlog.js" path="/home/sebaseba/bloglist-frontend/src/components/SimpleBlog.js">
          <metrics statements="2" coveredstatements="1" conditionals="0" coveredconditionals="0" methods="1" coveredmethods="0"/>
          <line num="3" count="1" type="stmt"/>
          <line num="4" count="0" type="stmt"/>
        </file>
        <file name="Togglable.js" path="/home/sebaseba/bloglist-frontend/src/components/Togglable.js">
          <metrics statements="7" coveredstatements="6" conditionals="4" coveredconditionals="2" methods="3" coveredmethods="2"/>
          <line num="6" count="1" type="stmt"/>
          <line num="7" count="1" type="stmt"/>
          <line num="13" count="0" type="stmt"/>
          <line num="17" count="2" type="cond" truecount="1" falsecount="1"/>
          <line num="18" count="2" type="cond" truecount="1" falsecount="1"/>
          <line num="20" count="2" type="stmt"/>
          <line num="34" count="1" type="stmt"/>
        </file>
        <file name="TogglableBlog.js" path="/home/sebaseba/bloglist-frontend/src/components/TogglableBlog.js">
          <metrics statements="6" coveredstatements="0" conditionals="4" coveredconditionals="0" methods="3" coveredmethods="0"/>
          <line num="5" count="0" type="stmt"/>
          <line num="6" count="0" type="stmt"/>
          <line num="12" count="0" type="stmt"/>
          <line num="16" count="0" type="cond" truecount="0" falsecount="2"/>
          <line num="17" count="0" type="cond" truecount="0" falsecount="2"/>
          <line num="19" count="0" type="stmt"/>
        </file>
      </package>
      <package name="src.services">
        <metrics statements="18" coveredstatements="2" conditionals="4" coveredconditionals="0" methods="6" coveredmethods="0"/>
        <file name="blogs.js" path="/home/sebaseba/bloglist-frontend/src/services/blogs.js">
          <metrics statements="14" coveredstatements="0" conditionals="4" coveredconditionals="0" methods="5" coveredmethods="0"/>
          <line num="1" count="0" type="cond" truecount="0" falsecount="4"/>
          <line num="2" count="0" type="stmt"/>
          <line num="4" count="0" type="stmt"/>
          <line num="6" count="0" type="stmt"/>
          <line num="7" count="0" type="stmt"/>
          <line num="8" count="0" type="stmt"/>
          <line num="11" count="0" type="stmt"/>
          <line num="12" count="0" type="stmt"/>
          <line num="15" count="0" type="stmt"/>
          <line num="16" count="0" type="stmt"/>
          <line num="19" count="0" type="stmt"/>
          <line num="20" count="0" type="stmt"/>
          <line num="21" count="0" type="stmt"/>
          <line num="22" count="0" type="stmt"/>
        </file>
        <file name="login.js" path="/home/sebaseba/bloglist-frontend/src/services/login.js">
          <metrics statements="4" coveredstatements="2" conditionals="0" coveredconditionals="0" methods="1" coveredmethods="0"/>
          <line num="2" count="1" type="stmt"/>
          <line num="4" count="1" type="stmt"/>
          <line num="5" count="0" type="stmt"/>
          <line num="6" count="0" type="stmt"/>
        </file>
      </package>
    </metrics>
  </project>
</coverage>
