{"/home/sebaseba/bloglist-frontend/src/App.js": {"path":"/home/sebaseba/bloglist-frontend/src/App.js","statementMap":{"0":{"start":{"line":12,"column":4},"end":{"line":12,"column":16}},"1":{"start":{"line":13,"column":4},"end":{"line":24,"column":5}},"2":{"start":{"line":28,"column":4},"end":{"line":30,"column":5}},"3":{"start":{"line":29,"column":6},"end":{"line":29,"column":30}},"4":{"start":{"line":32,"column":27},"end":{"line":32,"column":75}},"5":{"start":{"line":33,"column":4},"end":{"line":36,"column":5}},"6":{"start":{"line":34,"column":19},"end":{"line":34,"column":45}},"7":{"start":{"line":35,"column":6},"end":{"line":35,"column":29}},"8":{"start":{"line":40,"column":4},"end":{"line":40,"column":26}},"9":{"start":{"line":41,"column":4},"end":{"line":66,"column":5}},"10":{"start":{"line":42,"column":19},"end":{"line":45,"column":8}},"11":{"start":{"line":46,"column":6},"end":{"line":46,"column":29}},"12":{"start":{"line":47,"column":6},"end":{"line":47,"column":38}},"13":{"start":{"line":49,"column":6},"end":{"line":49,"column":76}},"14":{"start":{"line":51,"column":6},"end":{"line":55,"column":8}},"15":{"start":{"line":57,"column":6},"end":{"line":57,"column":49}},"16":{"start":{"line":58,"column":6},"end":{"line":60,"column":15}},"17":{"start":{"line":59,"column":8},"end":{"line":59,"column":40}},"18":{"start":{"line":62,"column":6},"end":{"line":62,"column":60}},"19":{"start":{"line":63,"column":6},"end":{"line":65,"column":15}},"20":{"start":{"line":64,"column":8},"end":{"line":64,"column":38}},"21":{"start":{"line":70,"column":4},"end":{"line":70,"column":26}},"22":{"start":{"line":71,"column":4},"end":{"line":73,"column":6}},"23":{"start":{"line":74,"column":4},"end":{"line":74,"column":55}},"24":{"start":{"line":76,"column":4},"end":{"line":76,"column":44}},"25":{"start":{"line":77,"column":4},"end":{"line":79,"column":13}},"26":{"start":{"line":78,"column":6},"end":{"line":78,"column":38}},"27":{"start":{"line":83,"column":4},"end":{"line":85,"column":6}},"28":{"start":{"line":89,"column":4},"end":{"line":91,"column":6}},"29":{"start":{"line":95,"column":4},"end":{"line":95,"column":26}},"30":{"start":{"line":97,"column":23},"end":{"line":101,"column":5}},"31":{"start":{"line":103,"column":4},"end":{"line":110,"column":6}},"32":{"start":{"line":104,"column":6},"end":{"line":109,"column":8}},"33":{"start":{"line":112,"column":4},"end":{"line":112,"column":94}},"34":{"start":{"line":113,"column":4},"end":{"line":115,"column":13}},"35":{"start":{"line":114,"column":6},"end":{"line":114,"column":38}},"36":{"start":{"line":120,"column":22},"end":{"line":129,"column":5}},"37":{"start":{"line":121,"column":6},"end":{"line":128,"column":18}},"38":{"start":{"line":131,"column":21},"end":{"line":143,"column":5}},"39":{"start":{"line":132,"column":6},"end":{"line":142,"column":12}},"40":{"start":{"line":145,"column":21},"end":{"line":158,"column":5}},"41":{"start":{"line":146,"column":6},"end":{"line":157,"column":13}},"42":{"start":{"line":153,"column":12},"end":{"line":153,"column":132}},"43":{"start":{"line":160,"column":4},"end":{"line":167,"column":6}}},"fnMap":{"0":{"name":"(anonymous_0)","decl":{"start":{"line":11,"column":2},"end":{"line":11,"column":3}},"loc":{"start":{"line":11,"column":21},"end":{"line":25,"column":3}},"line":11},"1":{"name":"(anonymous_1)","decl":{"start":{"line":27,"column":2},"end":{"line":27,"column":3}},"loc":{"start":{"line":27,"column":22},"end":{"line":37,"column":3}},"line":27},"2":{"name":"(anonymous_2)","decl":{"start":{"line":28,"column":30},"end":{"line":28,"column":31}},"loc":{"start":{"line":29,"column":6},"end":{"line":29,"column":30}},"line":29},"3":{"name":"(anonymous_3)","decl":{"start":{"line":39,"column":10},"end":{"line":39,"column":11}},"loc":{"start":{"line":39,"column":27},"end":{"line":67,"column":3}},"line":39},"4":{"name":"(anonymous_4)","decl":{"start":{"line":58,"column":17},"end":{"line":58,"column":18}},"loc":{"start":{"line":58,"column":23},"end":{"line":60,"column":7}},"line":58},"5":{"name":"(anonymous_5)","decl":{"start":{"line":63,"column":17},"end":{"line":63,"column":18}},"loc":{"start":{"line":63,"column":23},"end":{"line":65,"column":7}},"line":63},"6":{"name":"(anonymous_6)","decl":{"start":{"line":69,"column":11},"end":{"line":69,"column":12}},"loc":{"start":{"line":69,"column":28},"end":{"line":80,"column":3}},"line":69},"7":{"name":"(anonymous_7)","decl":{"start":{"line":77,"column":15},"end":{"line":77,"column":16}},"loc":{"start":{"line":77,"column":21},"end":{"line":79,"column":5}},"line":77},"8":{"name":"(anonymous_8)","decl":{"start":{"line":82,"column":27},"end":{"line":82,"column":28}},"loc":{"start":{"line":82,"column":38},"end":{"line":86,"column":3}},"line":82},"9":{"name":"(anonymous_9)","decl":{"start":{"line":88,"column":30},"end":{"line":88,"column":31}},"loc":{"start":{"line":88,"column":41},"end":{"line":92,"column":3}},"line":88},"10":{"name":"(anonymous_10)","decl":{"start":{"line":94,"column":12},"end":{"line":94,"column":13}},"loc":{"start":{"line":94,"column":23},"end":{"line":117,"column":3}},"line":94},"11":{"name":"(anonymous_11)","decl":{"start":{"line":103,"column":40},"end":{"line":103,"column":41}},"loc":{"start":{"line":103,"column":51},"end":{"line":110,"column":5}},"line":103},"12":{"name":"(anonymous_12)","decl":{"start":{"line":113,"column":15},"end":{"line":113,"column":16}},"loc":{"start":{"line":113,"column":21},"end":{"line":115,"column":5}},"line":113},"13":{"name":"(anonymous_13)","decl":{"start":{"line":119,"column":2},"end":{"line":119,"column":3}},"loc":{"start":{"line":119,"column":11},"end":{"line":168,"column":3}},"line":119},"14":{"name":"(anonymous_14)","decl":{"start":{"line":120,"column":22},"end":{"line":120,"column":23}},"loc":{"start":{"line":121,"column":6},"end":{"line":128,"column":18}},"line":121},"15":{"name":"(anonymous_15)","decl":{"start":{"line":131,"column":21},"end":{"line":131,"column":22}},"loc":{"start":{"line":132,"column":6},"end":{"line":142,"column":12}},"line":132},"16":{"name":"(anonymous_16)","decl":{"start":{"line":145,"column":21},"end":{"line":145,"column":22}},"loc":{"start":{"line":146,"column":6},"end":{"line":157,"column":13}},"line":146},"17":{"name":"(anonymous_17)","decl":{"start":{"line":152,"column":32},"end":{"line":152,"column":33}},"loc":{"start":{"line":153,"column":12},"end":{"line":153,"column":132}},"line":153}},"branchMap":{"0":{"loc":{"start":{"line":33,"column":4},"end":{"line":36,"column":5}},"type":"if","locations":[{"start":{"line":33,"column":4},"end":{"line":36,"column":5}},{"start":{"line":33,"column":4},"end":{"line":36,"column":5}}],"line":33},"1":{"loc":{"start":{"line":165,"column":9},"end":{"line":165,"column":60}},"type":"cond-expr","locations":[{"start":{"line":165,"column":36},"end":{"line":165,"column":47}},{"start":{"line":165,"column":50},"end":{"line":165,"column":60}}],"line":165}},"s":{"0":1,"1":1,"2":1,"3":1,"4":1,"5":1,"6":0,"7":0,"8":0,"9":0,"10":0,"11":0,"12":0,"13":0,"14":0,"15":0,"16":0,"17":0,"18":0,"19":0,"20":0,"21":0,"22":0,"23":0,"24":0,"25":0,"26":0,"27":0,"28":0,"29":0,"30":0,"31":0,"32":0,"33":0,"34":0,"35":0,"36":2,"37":2,"38":2,"39":0,"40":2,"41":0,"42":0,"43":2},"f":{"0":1,"1":1,"2":1,"3":0,"4":0,"5":0,"6":0,"7":0,"8":0,"9":0,"10":0,"11":0,"12":0,"13":2,"14":2,"15":0,"16":0,"17":0},"b":{"0":[0,1],"1":[2,0]},"_coverageSchema":"332fd63041d2c1bcb487cc26dd0d5f7d97098a6c","hash":"94d4f78ffdbd27be16b67f5601936470dfccaee6"}
,"/home/sebaseba/bloglist-frontend/src/index.js": {"path":"/home/sebaseba/bloglist-frontend/src/index.js","statementMap":{"0":{"start":{"line":1,"column":32},"end":{"line":1,"column":79}},"1":{"start":{"line":1,"column":93},"end":{"line":1,"column":109}},"2":{"start":{"line":1,"column":124},"end":{"line":1,"column":154}},"3":{"start":{"line":2,"column":16},"end":{"line":2,"column":36}},"4":{"start":{"line":2,"column":54},"end":{"line":2,"column":87}},"5":{"start":{"line":3,"column":11},"end":{"line":3,"column":27}},"6":{"start":{"line":3,"column":40},"end":{"line":3,"column":68}},"7":{"start":{"line":3,"column":107},"end":{"line":3,"column":161}},"8":{"start":{"line":5,"column":0},"end":{"line":5,"column":181}}},"fnMap":{"0":{"name":"_interopRequireDefault","decl":{"start":{"line":3,"column":78},"end":{"line":3,"column":100}},"loc":{"start":{"line":3,"column":106},"end":{"line":3,"column":162}},"line":3}},"branchMap":{"0":{"loc":{"start":{"line":3,"column":114},"end":{"line":3,"column":160}},"type":"cond-expr","locations":[{"start":{"line":3,"column":138},"end":{"line":3,"column":141}},{"start":{"line":3,"column":144},"end":{"line":3,"column":160}}],"line":3},"1":{"loc":{"start":{"line":3,"column":114},"end":{"line":3,"column":135}},"type":"binary-expr","locations":[{"start":{"line":3,"column":114},"end":{"line":3,"column":117}},{"start":{"line":3,"column":121},"end":{"line":3,"column":135}}],"line":3}},"s":{"0":0,"1":0,"2":0,"3":0,"4":0,"5":0,"6":0,"7":0,"8":0},"f":{"0":0},"b":{"0":[0,0],"1":[0,0]}}
,"/home/sebaseba/bloglist-frontend/src/setupTests.js": {"path":"/home/sebaseba/bloglist-frontend/src/setupTests.js","statementMap":{"0":{"start":{"line":4,"column":0},"end":{"line":4,"column":37}},"1":{"start":{"line":6,"column":17},"end":{"line":6,"column":19}},"2":{"start":{"line":8,"column":25},"end":{"line":14,"column":1}},"3":{"start":{"line":10,"column":4},"end":{"line":10,"column":27}},"4":{"start":{"line":12,"column":20},"end":{"line":12,"column":35}},"5":{"start":{"line":16,"column":0},"end":{"line":16,"column":38}}},"fnMap":{"0":{"name":"(anonymous_0)","decl":{"start":{"line":9,"column":11},"end":{"line":9,"column":12}},"loc":{"start":{"line":9,"column":27},"end":{"line":11,"column":3}},"line":9},"1":{"name":"(anonymous_1)","decl":{"start":{"line":12,"column":11},"end":{"line":12,"column":12}},"loc":{"start":{"line":12,"column":20},"end":{"line":12,"column":35}},"line":12}},"branchMap":{},"s":{"0":2,"1":2,"2":2,"3":0,"4":1,"5":2},"f":{"0":0,"1":1},"b":{},"_coverageSchema":"332fd63041d2c1bcb487cc26dd0d5f7d97098a6c","hash":"953ded4d4458dc49e198d887d57ed6fbbbcdca37"}
,"/home/sebaseba/bloglist-frontend/src/components/Blog.js": {"path":"/home/sebaseba/bloglist-frontend/src/components/Blog.js","statementMap":{"0":{"start":{"line":2,"column":13},"end":{"line":23,"column":1}},"1":{"start":{"line":3,"column":20},"end":{"line":9,"column":3}},"2":{"start":{"line":11,"column":2},"end":{"line":22,"column":3}}},"fnMap":{"0":{"name":"(anonymous_0)","decl":{"start":{"line":2,"column":13},"end":{"line":2,"column":14}},"loc":{"start":{"line":2,"column":27},"end":{"line":23,"column":1}},"line":2}},"branchMap":{},"s":{"0":1,"1":0,"2":0},"f":{"0":0},"b":{},"_coverageSchema":"332fd63041d2c1bcb487cc26dd0d5f7d97098a6c","hash":"a147c412508b2add0c9d4d02a0c5881545f2de6b"}
,"/home/sebaseba/bloglist-frontend/src/components/LoginForm.js": {"path":"/home/sebaseba/bloglist-frontend/src/components/LoginForm.js","statementMap":{"0":{"start":{"line":4,"column":18},"end":{"line":32,"column":1}},"1":{"start":{"line":5,"column":2},"end":{"line":31,"column":3}},"2":{"start":{"line":34,"column":0},"end":{"line":39,"column":1}}},"fnMap":{"0":{"name":"(anonymous_0)","decl":{"start":{"line":4,"column":18},"end":{"line":4,"column":19}},"loc":{"start":{"line":4,"column":74},"end":{"line":32,"column":1}},"line":4}},"branchMap":{},"s":{"0":1,"1":2,"2":1},"f":{"0":2},"b":{},"_coverageSchema":"332fd63041d2c1bcb487cc26dd0d5f7d97098a6c","hash":"729e1575ad25d5f8544465597169a8f05932e10b"}
,"/home/sebaseba/bloglist-frontend/src/components/Notification.js": {"path":"/home/sebaseba/bloglist-frontend/src/components/Notification.js","statementMap":{"0":{"start":{"line":3,"column":21},"end":{"line":12,"column":1}},"1":{"start":{"line":4,"column":2},"end":{"line":6,"column":3}},"2":{"start":{"line":5,"column":4},"end":{"line":5,"column":15}},"3":{"start":{"line":7,"column":2},"end":{"line":11,"column":3}}},"fnMap":{"0":{"name":"(anonymous_0)","decl":{"start":{"line":3,"column":21},"end":{"line":3,"column":22}},"loc":{"start":{"line":3,"column":38},"end":{"line":12,"column":1}},"line":3}},"branchMap":{"0":{"loc":{"start":{"line":4,"column":2},"end":{"line":6,"column":3}},"type":"if","locations":[{"start":{"line":4,"column":2},"end":{"line":6,"column":3}},{"start":{"line":4,"column":2},"end":{"line":6,"column":3}}],"line":4}},"s":{"0":1,"1":4,"2":4,"3":0},"f":{"0":4},"b":{"0":[4,0]},"_coverageSchema":"332fd63041d2c1bcb487cc26dd0d5f7d97098a6c","hash":"d559cfddfc8c634ef6ccbc60d9738ccc70cb4069"}
,"/home/sebaseba/bloglist-frontend/src/components/SimpleBlog.js": {"path":"/home/sebaseba/bloglist-frontend/src/components/SimpleBlog.js","statementMap":{"0":{"start":{"line":3,"column":19},"end":{"line":13,"column":1}},"1":{"start":{"line":4,"column":2},"end":{"line":12,"column":8}}},"fnMap":{"0":{"name":"(anonymous_0)","decl":{"start":{"line":3,"column":19},"end":{"line":3,"column":20}},"loc":{"start":{"line":4,"column":2},"end":{"line":12,"column":8}},"line":4}},"branchMap":{},"s":{"0":1,"1":0},"f":{"0":0},"b":{},"_coverageSchema":"332fd63041d2c1bcb487cc26dd0d5f7d97098a6c","hash":"f1db0bb5c9109587adf1cd2bb31a2aee900e81f7"}
,"/home/sebaseba/bloglist-frontend/src/components/Togglable.js": {"path":"/home/sebaseba/bloglist-frontend/src/components/Togglable.js","statementMap":{"0":{"start":{"line":6,"column":4},"end":{"line":6,"column":16}},"1":{"start":{"line":7,"column":4},"end":{"line":9,"column":5}},"2":{"start":{"line":13,"column":4},"end":{"line":13,"column":51}},"3":{"start":{"line":17,"column":28},"end":{"line":17,"column":73}},"4":{"start":{"line":18,"column":28},"end":{"line":18,"column":73}},"5":{"start":{"line":20,"column":4},"end":{"line":30,"column":5}},"6":{"start":{"line":34,"column":0},"end":{"line":36,"column":1}}},"fnMap":{"0":{"name":"(anonymous_0)","decl":{"start":{"line":5,"column":2},"end":{"line":5,"column":3}},"loc":{"start":{"line":5,"column":21},"end":{"line":10,"column":3}},"line":5},"1":{"name":"(anonymous_1)","decl":{"start":{"line":12,"column":21},"end":{"line":12,"column":22}},"loc":{"start":{"line":12,"column":27},"end":{"line":14,"column":3}},"line":12},"2":{"name":"(anonymous_2)","decl":{"start":{"line":16,"column":2},"end":{"line":16,"column":3}},"loc":{"start":{"line":16,"column":11},"end":{"line":31,"column":3}},"line":16}},"branchMap":{"0":{"loc":{"start":{"line":17,"column":39},"end":{"line":17,"column":71}},"type":"cond-expr","locations":[{"start":{"line":17,"column":60},"end":{"line":17,"column":66}},{"start":{"line":17,"column":69},"end":{"line":17,"column":71}}],"line":17},"1":{"loc":{"start":{"line":18,"column":39},"end":{"line":18,"column":71}},"type":"cond-expr","locations":[{"start":{"line":18,"column":60},"end":{"line":18,"column":62}},{"start":{"line":18,"column":65},"end":{"line":18,"column":71}}],"line":18}},"s":{"0":1,"1":1,"2":0,"3":2,"4":2,"5":2,"6":1},"f":{"0":1,"1":0,"2":2},"b":{"0":[0,2],"1":[0,2]},"_coverageSchema":"332fd63041d2c1bcb487cc26dd0d5f7d97098a6c","hash":"9ca9227e31b2dfad9b4a2f6d347b7ea63909eb40"}
,"/home/sebaseba/bloglist-frontend/src/components/TogglableBlog.js": {"path":"/home/sebaseba/bloglist-frontend/src/components/TogglableBlog.js","statementMap":{"0":{"start":{"line":5,"column":4},"end":{"line":5,"column":16}},"1":{"start":{"line":6,"column":4},"end":{"line":8,"column":5}},"2":{"start":{"line":12,"column":4},"end":{"line":12,"column":51}},"3":{"start":{"line":16,"column":28},"end":{"line":16,"column":73}},"4":{"start":{"line":17,"column":28},"end":{"line":17,"column":73}},"5":{"start":{"line":19,"column":4},"end":{"line":29,"column":5}}},"fnMap":{"0":{"name":"(anonymous_0)","decl":{"start":{"line":4,"column":2},"end":{"line":4,"column":3}},"loc":{"start":{"line":4,"column":21},"end":{"line":9,"column":3}},"line":4},"1":{"name":"(anonymous_1)","decl":{"start":{"line":11,"column":21},"end":{"line":11,"column":22}},"loc":{"start":{"line":11,"column":27},"end":{"line":13,"column":3}},"line":11},"2":{"name":"(anonymous_2)","decl":{"start":{"line":15,"column":2},"end":{"line":15,"column":3}},"loc":{"start":{"line":15,"column":11},"end":{"line":30,"column":3}},"line":15}},"branchMap":{"0":{"loc":{"start":{"line":16,"column":39},"end":{"line":16,"column":71}},"type":"cond-expr","locations":[{"start":{"line":16,"column":60},"end":{"line":16,"column":66}},{"start":{"line":16,"column":69},"end":{"line":16,"column":71}}],"line":16},"1":{"loc":{"start":{"line":17,"column":39},"end":{"line":17,"column":71}},"type":"cond-expr","locations":[{"start":{"line":17,"column":60},"end":{"line":17,"column":62}},{"start":{"line":17,"column":65},"end":{"line":17,"column":71}}],"line":17}},"s":{"0":0,"1":0,"2":0,"3":0,"4":0,"5":0},"f":{"0":0,"1":0,"2":0},"b":{"0":[0,0],"1":[0,0]},"_coverageSchema":"332fd63041d2c1bcb487cc26dd0d5f7d97098a6c","hash":"3486354cdcaef30aa6b02c196eb5ba05732a76b7"}
,"/home/sebaseba/bloglist-frontend/src/services/blogs.js": {"path":"/home/sebaseba/bloglist-frontend/src/services/blogs.js","statementMap":{"0":{"start":{"line":1,"column":13},"end":{"line":1,"column":75}},"1":{"start":{"line":1,"column":88},"end":{"line":1,"column":104}},"2":{"start":{"line":1,"column":119},"end":{"line":1,"column":149}},"3":{"start":{"line":1,"column":188},"end":{"line":1,"column":242}},"4":{"start":{"line":2,"column":16},"end":{"line":2,"column":28}},"5":{"start":{"line":4,"column":12},"end":{"line":4,"column":16}},"6":{"start":{"line":6,"column":15},"end":{"line":9,"column":1}},"7":{"start":{"line":7,"column":18},"end":{"line":7,"column":46}},"8":{"start":{"line":8,"column":2},"end":{"line":8,"column":49}},"9":{"start":{"line":8,"column":34},"end":{"line":8,"column":47}},"10":{"start":{"line":11,"column":17},"end":{"line":13,"column":1}},"11":{"start":{"line":12,"column":2},"end":{"line":12,"column":31}},"12":{"start":{"line":15,"column":15},"end":{"line":22,"column":1}},"13":{"start":{"line":16,"column":17},"end":{"line":17,"column":41}},"14":{"start":{"line":19,"column":2},"end":{"line":19,"column":22}},"15":{"start":{"line":20,"column":19},"end":{"line":20,"column":73}},"16":{"start":{"line":21,"column":2},"end":{"line":21,"column":23}},"17":{"start":{"line":22,"column":2},"end":{"line":24,"column":29}}},"fnMap":{"0":{"name":"_interopRequireDefault","decl":{"start":{"line":1,"column":159},"end":{"line":1,"column":181}},"loc":{"start":{"line":1,"column":187},"end":{"line":1,"column":243}},"line":1},"1":{"name":"(anonymous_1)","decl":{"start":{"line":6,"column":15},"end":{"line":6,"column":16}},"loc":{"start":{"line":6,"column":21},"end":{"line":9,"column":1}},"line":6},"2":{"name":"(anonymous_2)","decl":{"start":{"line":8,"column":22},"end":{"line":8,"column":23}},"loc":{"start":{"line":8,"column":34},"end":{"line":8,"column":47}},"line":8},"3":{"name":"(anonymous_3)","decl":{"start":{"line":11,"column":17},"end":{"line":11,"column":18}},"loc":{"start":{"line":11,"column":29},"end":{"line":13,"column":1}},"line":11},"4":{"name":"(anonymous_4)","decl":{"start":{"line":15,"column":15},"end":{"line":15,"column":16}},"loc":{"start":{"line":15,"column":34},"end":{"line":22,"column":1}},"line":15}},"branchMap":{"0":{"loc":{"start":{"line":1,"column":195},"end":{"line":1,"column":241}},"type":"cond-expr","locations":[{"start":{"line":1,"column":219},"end":{"line":1,"column":222}},{"start":{"line":1,"column":225},"end":{"line":1,"column":241}}],"line":1},"1":{"loc":{"start":{"line":1,"column":195},"end":{"line":1,"column":216}},"type":"binary-expr","locations":[{"start":{"line":1,"column":195},"end":{"line":1,"column":198}},{"start":{"line":1,"column":202},"end":{"line":1,"column":216}}],"line":1}},"s":{"0":0,"1":0,"2":0,"3":0,"4":0,"5":0,"6":0,"7":0,"8":0,"9":0,"10":0,"11":0,"12":0,"13":0,"14":0,"15":0,"16":0,"17":0},"f":{"0":0,"1":0,"2":0,"3":0,"4":0},"b":{"0":[0,0],"1":[0,0]}}
,"/home/sebaseba/bloglist-frontend/src/services/login.js": {"path":"/home/sebaseba/bloglist-frontend/src/services/login.js","statementMap":{"0":{"start":{"line":2,"column":16},"end":{"line":2,"column":28}},"1":{"start":{"line":4,"column":14},"end":{"line":7,"column":1}},"2":{"start":{"line":5,"column":19},"end":{"line":5,"column":57}},"3":{"start":{"line":6,"column":2},"end":{"line":6,"column":22}}},"fnMap":{"0":{"name":"(anonymous_0)","decl":{"start":{"line":4,"column":14},"end":{"line":4,"column":15}},"loc":{"start":{"line":4,"column":37},"end":{"line":7,"column":1}},"line":4}},"branchMap":{},"s":{"0":1,"1":1,"2":0,"3":0},"f":{"0":0},"b":{},"_coverageSchema":"332fd63041d2c1bcb487cc26dd0d5f7d97098a6c","hash":"c1fbd103c1ef4e78abcb53c1bdaf62c4ca7203f2"}
}
