TN:
SF:/home/sebaseba/bloglist-frontend/src/App.js
FN:11,(anonymous_0)
FN:27,(anonymous_1)
FN:28,(anonymous_2)
FN:39,(anonymous_3)
FN:58,(anonymous_4)
FN:63,(anonymous_5)
FN:69,(anonymous_6)
FN:77,(anonymous_7)
FN:82,(anonymous_8)
FN:88,(anonymous_9)
FN:94,(anonymous_10)
FN:103,(anonymous_11)
FN:113,(anonymous_12)
FN:119,(anonymous_13)
FN:120,(anonymous_14)
FN:131,(anonymous_15)
FN:145,(anonymous_16)
FN:152,(anonymous_17)
FNF:18
FNH:5
FNDA:1,(anonymous_0)
FNDA:1,(anonymous_1)
FNDA:1,(anonymous_2)
FNDA:0,(anonymous_3)
FNDA:0,(anonymous_4)
FNDA:0,(anonymous_5)
FNDA:0,(anonymous_6)
FNDA:0,(anonymous_7)
FNDA:0,(anonymous_8)
FNDA:0,(anonymous_9)
FNDA:0,(anonymous_10)
FNDA:0,(anonymous_11)
FNDA:0,(anonymous_12)
FNDA:2,(anonymous_13)
FNDA:2,(anonymous_14)
FNDA:0,(anonymous_15)
FNDA:0,(anonymous_16)
FNDA:0,(anonymous_17)
DA:12,1
DA:13,1
DA:28,1
DA:29,1
DA:32,1
DA:33,1
DA:34,0
DA:35,0
DA:40,0
DA:41,0
DA:42,0
DA:46,0
DA:47,0
DA:49,0
DA:51,0
DA:57,0
DA:58,0
DA:59,0
DA:62,0
DA:63,0
DA:64,0
DA:70,0
DA:71,0
DA:74,0
DA:76,0
DA:77,0
DA:78,0
DA:83,0
DA:89,0
DA:95,0
DA:97,0
DA:103,0
DA:104,0
DA:112,0
DA:113,0
DA:114,0
DA:120,2
DA:121,2
DA:131,2
DA:132,0
DA:145,2
DA:146,0
DA:153,0
DA:160,2
LF:44
LH:11
BRDA:33,0,0,0
BRDA:33,0,1,1
BRDA:165,1,0,2
BRDA:165,1,1,0
BRF:4
BRH:2
end_of_record
TN:
SF:/home/sebaseba/bloglist-frontend/src/index.js
FN:3,_interopRequireDefault
FNF:1
FNH:0
FNDA:0,_interopRequireDefault
DA:1,0
DA:2,0
DA:3,0
DA:5,0
LF:4
LH:0
BRDA:3,0,0,0
BRDA:3,0,1,0
BRDA:3,1,0,0
BRDA:3,1,1,0
BRF:4
BRH:0
end_of_record
TN:
SF:/home/sebaseba/bloglist-frontend/src/setupTests.js
FN:9,(anonymous_0)
FN:12,(anonymous_1)
FNF:2
FNH:1
FNDA:0,(anonymous_0)
FNDA:1,(anonymous_1)
DA:4,2
DA:6,2
DA:8,2
DA:10,0
DA:12,1
DA:16,2
LF:6
LH:5
BRF:0
BRH:0
end_of_record
TN:
SF:/home/sebaseba/bloglist-frontend/src/components/Blog.js
FN:2,(anonymous_0)
FNF:1
FNH:0
FNDA:0,(anonymous_0)
DA:2,1
DA:3,0
DA:11,0
LF:3
LH:1
BRF:0
BRH:0
end_of_record
TN:
SF:/home/sebaseba/bloglist-frontend/src/components/LoginForm.js
FN:4,(anonymous_0)
FNF:1
FNH:1
FNDA:2,(anonymous_0)
DA:4,1
DA:5,2
DA:34,1
LF:3
LH:3
BRF:0
BRH:0
end_of_record
TN:
SF:/home/sebaseba/bloglist-frontend/src/components/Notification.js
FN:3,(anonymous_0)
FNF:1
FNH:1
FNDA:4,(anonymous_0)
DA:3,1
DA:4,4
DA:5,4
DA:7,0
LF:4
LH:3
BRDA:4,0,0,4
BRDA:4,0,1,0
BRF:2
BRH:1
end_of_record
TN:
SF:/home/sebaseba/bloglist-frontend/src/components/SimpleBlog.js
FN:3,(anonymous_0)
FNF:1
FNH:0
FNDA:0,(anonymous_0)
DA:3,1
DA:4,0
LF:2
LH:1
BRF:0
BRH:0
end_of_record
TN:
SF:/home/sebaseba/bloglist-frontend/src/components/Togglable.js
FN:5,(anonymous_0)
FN:12,(anonymous_1)
FN:16,(anonymous_2)
FNF:3
FNH:2
FNDA:1,(anonymous_0)
FNDA:0,(anonymous_1)
FNDA:2,(anonymous_2)
DA:6,1
DA:7,1
DA:13,0
DA:17,2
DA:18,2
DA:20,2
DA:34,1
LF:7
LH:6
BRDA:17,0,0,0
BRDA:17,0,1,2
BRDA:18,1,0,0
BRDA:18,1,1,2
BRF:4
BRH:2
end_of_record
TN:
SF:/home/sebaseba/bloglist-frontend/src/components/TogglableBlog.js
FN:4,(anonymous_0)
FN:11,(anonymous_1)
FN:15,(anonymous_2)
FNF:3
FNH:0
FNDA:0,(anonymous_0)
FNDA:0,(anonymous_1)
FNDA:0,(anonymous_2)
DA:5,0
DA:6,0
DA:12,0
DA:16,0
DA:17,0
DA:19,0
LF:6
LH:0
BRDA:16,0,0,0
BRDA:16,0,1,0
BRDA:17,1,0,0
BRDA:17,1,1,0
BRF:4
BRH:0
end_of_record
TN:
SF:/home/sebaseba/bloglist-frontend/src/services/blogs.js
FN:1,_interopRequireDefault
FN:6,(anonymous_1)
FN:8,(anonymous_2)
FN:11,(anonymous_3)
FN:15,(anonymous_4)
FNF:5
FNH:0
FNDA:0,_interopRequireDefault
FNDA:0,(anonymous_1)
FNDA:0,(anonymous_2)
FNDA:0,(anonymous_3)
FNDA:0,(anonymous_4)
DA:1,0
DA:2,0
DA:4,0
DA:6,0
DA:7,0
DA:8,0
DA:11,0
DA:12,0
DA:15,0
DA:16,0
DA:19,0
DA:20,0
DA:21,0
DA:22,0
LF:14
LH:0
BRDA:1,0,0,0
BRDA:1,0,1,0
BRDA:1,1,0,0
BRDA:1,1,1,0
BRF:4
BRH:0
end_of_record
TN:
SF:/home/sebaseba/bloglist-frontend/src/services/login.js
FN:4,(anonymous_0)
FNF:1
FNH:0
FNDA:0,(anonymous_0)
DA:2,1
DA:4,1
DA:5,0
DA:6,0
LF:4
LH:2
BRF:0
BRH:0
end_of_record
